2023-08-04 08:30:29 [CRITICAL]  - 11452
2023-08-04 08:30:29 [ERROR] Out of memory - 30959
2023-08-04 08:30:29 [DEBUG]  - 3785
2023-08-04 08:30:29 [DEBUG]  - 1228
2023-08-04 08:30:29 [WARNING]  - 12397
2023-08-04 08:30:29 [ERROR] Segmentation fault - 26901
2023-08-04 08:30:29 [ERROR] Disk full - 29077
2023-08-04 08:30:29 [CRITICAL]  - 1376
2023-08-04 08:30:29 [DEBUG]  - 26073
2023-08-04 08:30:29 [DEBUG]  - 1860
2023-08-04 08:30:29 [INFO]  - 14255
2023-08-04 08:30:29 [INFO]  - 30929
2023-08-04 08:30:29 [ERROR] Out of memory - 19481
2023-08-04 08:30:29 [CRITICAL]  - 5433
2023-08-04 08:30:29 [DEBUG]  - 16120
2023-08-04 08:30:29 [INFO]  - 3826
2023-08-04 08:30:29 [WARNING]  - 32587
2023-08-04 08:30:29 [INFO]  - 29205
2023-08-04 08:30:29 [CRITICAL]  - 23446
2023-08-04 08:30:29 [INFO]  - 13455
2023-08-04 08:30:29 [INFO]  - 13948
2023-08-04 08:30:29 [INFO]  - 13581
2023-08-04 08:30:29 [CRITICAL]  - 29739
2023-08-04 08:30:29 [DEBUG]  - 27748
2023-08-04 08:30:29 [CRITICAL]  - 18564
2023-08-04 08:30:29 [CRITICAL]  - 20949
2023-08-04 08:30:29 [INFO]  - 9300
2023-08-04 08:30:29 [INFO]  - 28172
2023-08-04 08:30:29 [CRITICAL]  - 17134
2023-08-04 08:30:29 [DEBUG]  - 20291
2023-08-04 08:30:29 [INFO]  - 11754
2023-08-04 08:30:29 [DEBUG]  - 17114
2023-08-04 08:30:29 [WARNING]  - 26587
2023-08-04 08:30:29 [DEBUG]  - 8077
2023-08-04 08:30:29 [CRITICAL]  - 2848
2023-08-04 08:30:29 [CRITICAL]  - 21759
2023-08-04 08:30:29 [ERROR] Out of memory - 32183
2023-08-04 08:30:29 [ERROR] Disk full - 22662
2023-08-04 08:30:29 [WARNING]  - 12422
2023-08-04 08:30:29 [WARNING]  - 5180
2023-08-04 08:30:29 [ERROR] Disk full - 26611
2023-08-04 08:30:29 [WARNING]  - 18627
2023-08-04 08:30:29 [DEBUG]  - 10693
2023-08-04 08:30:29 [CRITICAL]  - 31463
2023-08-04 08:30:29 [CRITICAL]  - 32567
2023-08-04 08:30:29 [DEBUG]  - 7319
2023-08-04 08:30:29 [ERROR] Failed to connect - 4528
2023-08-04 08:30:29 [ERROR] Invalid input - 4198
2023-08-04 08:30:29 [INFO]  - 2590
2023-08-04 08:30:29 [INFO]  - 21046
2023-08-04 08:30:29 [ERROR] Failed to connect - 32086
2023-08-04 08:30:29 [DEBUG]  - 31521
2023-08-04 08:30:29 [WARNING]  - 23306
2023-08-04 08:30:29 [ERROR] Segmentation fault - 2001
2023-08-04 08:30:29 [DEBUG]  - 5396
2023-08-04 08:30:29 [CRITICAL]  - 28917
2023-08-04 08:30:29 [CRITICAL]  - 273
2023-08-04 08:30:29 [DEBUG]  - 26500
2023-08-04 08:30:29 [INFO]  - 22750
2023-08-04 08:30:29 [WARNING]  - 10084
2023-08-04 08:30:29 [WARNING]  - 23470
2023-08-04 08:30:29 [CRITICAL]  - 24687
2023-08-04 08:30:29 [ERROR] Failed to connect - 739
2023-08-04 08:30:29 [INFO]  - 7726
2023-08-04 08:30:29 [INFO]  - 11162
2023-08-04 08:30:29 [WARNING]  - 30865
2023-08-04 08:30:29 [CRITICAL]  - 2870
2023-08-04 08:30:29 [CRITICAL]  - 12703
2023-08-04 08:30:29 [CRITICAL]  - 1379
2023-08-04 08:30:29 [INFO]  - 18309
2023-08-04 08:30:29 [WARNING]  - 12233
2023-08-04 08:30:29 [ERROR] Failed to connect - 23894
2023-08-04 08:30:29 [WARNING]  - 28711
2023-08-04 08:30:29 [DEBUG]  - 30995
2023-08-04 08:30:29 [INFO]  - 21449
2023-08-04 08:30:29 [DEBUG]  - 10902
2023-08-04 08:30:29 [INFO]  - 14290
2023-08-04 08:30:29 [INFO]  - 32473
2023-08-04 08:30:29 [DEBUG]  - 19946
2023-08-04 08:30:29 [ERROR] Segmentation fault - 28494
2023-08-04 08:30:29 [WARNING]  - 19444
2023-08-04 08:30:29 [INFO]  - 18708
2023-08-04 08:30:29 [DEBUG]  - 32099
2023-08-04 08:30:29 [DEBUG]  - 10192
2023-08-04 08:30:29 [DEBUG]  - 12307
2023-08-04 08:30:29 [DEBUG]  - 3802
2023-08-04 08:30:29 [INFO]  - 28166
2023-08-04 08:30:29 [ERROR] Failed to connect - 20849
2023-08-04 08:30:29 [WARNING]  - 15566
2023-08-04 08:30:29 [DEBUG]  - 29169
2023-08-04 08:30:29 [INFO]  - 30581
2023-08-04 08:30:29 [CRITICAL]  - 12748
2023-08-04 08:30:29 [INFO]  - 3827
2023-08-04 08:30:29 [WARNING]  - 8401
2023-08-04 08:30:29 [INFO]  - 11430
2023-08-04 08:30:29 [DEBUG]  - 2291
2023-08-04 08:30:29 [DEBUG]  - 5002
2023-08-04 08:30:29 [CRITICAL]  - 9962
2023-08-04 08:30:29 [CRITICAL]  - 4670
2023-08-04 08:30:29 [INFO]  - 5173
2023-08-04 08:30:29 [DEBUG]  - 112
2023-08-04 08:30:29 [INFO]  - 24760
2023-08-04 08:30:29 [WARNING]  - 17593
2023-08-04 08:30:29 [WARNING]  - 2941
2023-08-04 08:30:29 [INFO]  - 18147
2023-08-04 08:30:29 [INFO]  - 6320
2023-08-04 08:30:29 [WARNING]  - 9899
2023-08-04 08:30:29 [WARNING]  - 307
2023-08-04 08:30:29 [DEBUG]  - 30911
2023-08-04 08:30:29 [INFO]  - 7872
2023-08-04 08:30:29 [CRITICAL]  - 29258
2023-08-04 08:30:29 [INFO]  - 4590
2023-08-04 08:30:29 [DEBUG]  - 32624
2023-08-04 08:30:29 [WARNING]  - 29691
2023-08-04 08:30:29 [WARNING]  - 28366
2023-08-04 08:30:29 [DEBUG]  - 29852
2023-08-04 08:30:29 [DEBUG]  - 20550
2023-08-04 08:30:29 [DEBUG]  - 759
2023-08-04 08:30:29 [CRITICAL]  - 24685
2023-08-04 08:30:29 [WARNING]  - 15692
2023-08-04 08:30:29 [DEBUG]  - 18451
2023-08-04 08:30:29 [INFO]  - 16904
2023-08-04 08:30:29 [CRITICAL]  - 14871
2023-08-04 08:30:29 [INFO]  - 110
2023-08-04 08:30:29 [INFO]  - 28151
2023-08-04 08:30:29 [ERROR] Out of memory - 24503
2023-08-04 08:30:29 [INFO]  - 1344
2023-08-04 08:30:29 [WARNING]  - 1943
2023-08-04 08:30:29 [INFO]  - 14255
2023-08-04 08:30:29 [DEBUG]  - 8326
2023-08-04 08:30:29 [INFO]  - 18573
2023-08-04 08:30:29 [INFO]  - 30099
2023-08-04 08:30:29 [WARNING]  - 21562
2023-08-04 08:30:29 [DEBUG]  - 4482
2023-08-04 08:30:29 [INFO]  - 6988
2023-08-04 08:30:29 [INFO]  - 25038
2023-08-04 08:30:29 [WARNING]  - 30915
2023-08-04 08:30:29 [CRITICAL]  - 30101
2023-08-04 08:30:29 [INFO]  - 1755
2023-08-04 08:30:29 [WARNING]  - 23254
2023-08-04 08:30:29 [DEBUG]  - 14593
2023-08-04 08:30:29 [CRITICAL]  - 22870
2023-08-04 08:30:29 [INFO]  - 22130
2023-08-04 08:30:29 [DEBUG]  - 22594
2023-08-04 08:30:29 [INFO]  - 29362
2023-08-04 08:30:29 [INFO]  - 30390
2023-08-04 08:30:29 [CRITICAL]  - 29685
2023-08-04 08:30:29 [DEBUG]  - 6849
2023-08-04 08:30:29 [ERROR] Segmentation fault - 2322
2023-08-04 08:30:29 [CRITICAL]  - 20549
2023-08-04 08:30:29 [INFO]  - 9214
2023-08-04 08:30:29 [INFO]  - 16335
2023-08-04 08:30:29 [DEBUG]  - 13558
2023-08-04 08:30:29 [CRITICAL]  - 22093
2023-08-04 08:30:29 [ERROR] Out of memory - 24629
2023-08-04 08:30:29 [CRITICAL]  - 8176
